<?xml version="1.0" encoding="UTF-8"?>
<!-- Generated by org.testng.reporters.JUnitReportReporter -->
<testsuite hostname="Hestabits-MacBook-Pro.local" failures="0" tests="1" name="Testcases.TC_001_Adminsignin" time="15.281" errors="0" timestamp="2024-04-02T13:18:21 IST" skipped="0">
  <testcase classname="Testcases.TC_001_Adminsignin" name="signin" time="15.281"/>
</testsuite> <!-- Testcases.TC_001_Adminsignin -->
